Started by user user
Running as SYSTEM
Building in workspace /opt/bitnami/jenkins/jenkins_home/workspace/github_execution
The recommended git tool is: NONE
using credential a84248d2-7442-483f-8321-04a85de37106
 > git rev-parse --is-inside-work-tree # timeout=10
Fetching changes from the remote Git repository
 > git config remote.origin.url https://github.com/rucolasalat/nd035-c4-Security-and-DevOps # timeout=10
Fetching upstream changes from https://github.com/rucolasalat/nd035-c4-Security-and-DevOps
 > git --version # timeout=10
 > git --version # 'git version 2.30.1'
using GIT_ASKPASS to set credentials 
 > git fetch --tags --force --progress -- https://github.com/rucolasalat/nd035-c4-Security-and-DevOps +refs/heads/*:refs/remotes/origin/* # timeout=10
 > git rev-parse refs/remotes/origin/master^{commit} # timeout=10
Checking out Revision 4d7001925017d33d163c4dbf95fd60b5363c5a7c (refs/remotes/origin/master)
 > git config core.sparsecheckout # timeout=10
 > git checkout -f 4d7001925017d33d163c4dbf95fd60b5363c5a7c # timeout=10
Commit message: "Merge remote-tracking branch 'origin/master'"
 > git rev-list --no-walk 4d7001925017d33d163c4dbf95fd60b5363c5a7c # timeout=10
[github_execution] $ /opt/bitnami/jenkins/jenkins_home/tools/hudson.tasks.Maven_MavenInstallation/maven_3.6.3/bin/mvn -f starter_code/pom.xml clean package
[INFO] Scanning for projects...
[INFO]
[INFO] ----------------------< com.example:auth-course >-----------------------
[INFO] Building auth-course 0.0.1-SNAPSHOT
[INFO] --------------------------------[ war ]---------------------------------
[INFO]
[INFO] --- maven-clean-plugin:3.1.0:clean (default-clean) @ auth-course ---
[INFO] Deleting /bitnami/jenkins/jenkins_home/workspace/github_execution/starter_code/target
[INFO]
[INFO] --- maven-resources-plugin:3.1.0:resources (default-resources) @ auth-course ---
[INFO] Using 'UTF-8' encoding to copy filtered resources.
[INFO] Copying 1 resource
[INFO] Copying 3 resources
[INFO]
[INFO] --- maven-compiler-plugin:3.8.1:compile (default-compile) @ auth-course ---
[INFO] Changes detected - recompiling the module!
[INFO] Compiling 20 source files to /bitnami/jenkins/jenkins_home/workspace/github_execution/starter_code/target/classes
[INFO]
[INFO] --- maven-resources-plugin:3.1.0:testResources (default-testResources) @ auth-course ---
[INFO] Using 'UTF-8' encoding to copy filtered resources.
[INFO] skip non existing resourceDirectory /bitnami/jenkins/jenkins_home/workspace/github_execution/starter_code/src/test/resources
[INFO]
[INFO] --- maven-compiler-plugin:3.8.1:testCompile (default-testCompile) @ auth-course ---
[INFO] Changes detected - recompiling the module!
[INFO] Compiling 6 source files to /bitnami/jenkins/jenkins_home/workspace/github_execution/starter_code/target/test-classes
[INFO]
[INFO] --- maven-surefire-plugin:2.22.2:test (default-test) @ auth-course ---
[INFO]
[INFO] -------------------------------------------------------
[INFO]  T E S T S
[INFO] -------------------------------------------------------
[INFO] Running com.example.demo.SareetaApplicationTests
2021-03-01 13:21:34,503 main DEBUG Apache Log4j Core 2.13.3 initializing configuration XmlConfiguration[location=/bitnami/jenkins/jenkins_home/workspace/github_execution/starter_code/target/classes/log4j2.xml]
2021-03-01 13:21:34,510 main DEBUG Installed 1 script engine
2021-03-01 13:21:34,765 main DEBUG Oracle Nashorn version: 1.8.0_282, language: ECMAScript, threading: Not Thread Safe, compile: true, names: [nashorn, Nashorn, js, JS, JavaScript, javascript, ECMAScript, ecmascript], factory class: jdk.nashorn.api.scripting.NashornScriptEngineFactory
2021-03-01 13:21:34,766 main DEBUG PluginManager 'Core' found 122 plugins
2021-03-01 13:21:34,767 main DEBUG PluginManager 'Level' found 0 plugins
2021-03-01 13:21:34,770 main DEBUG PluginManager 'Lookup' found 16 plugins
2021-03-01 13:21:34,772 main DEBUG Building Plugin[name=layout, class=org.apache.logging.log4j.core.layout.PatternLayout].
2021-03-01 13:21:34,779 main DEBUG PluginManager 'TypeConverter' found 26 plugins
2021-03-01 13:21:34,799 main DEBUG PatternLayout$Builder(pattern="%d{HH:mm:ss.SSS} [%t] %-5level %logger{36} - %msg%n", PatternSelector=null, Configuration(/bitnami/jenkins/jenkins_home/workspace/github_execution/starter_code/target/classes/log4j2.xml), Replace=null, charset="null", alwaysWriteExceptions="null", disableAnsi="null", noConsoleNoAnsi="null", header="null", footer="null")
2021-03-01 13:21:34,803 main DEBUG PluginManager 'Converter' found 47 plugins
2021-03-01 13:21:34,805 main DEBUG Building Plugin[name=appender, class=org.apache.logging.log4j.core.appender.ConsoleAppender].
2021-03-01 13:21:34,815 main DEBUG ConsoleAppender$Builder(target="SYSTEM_OUT", follow="null", direct="null", bufferedIo="null", bufferSize="null", immediateFlush="null", ignoreExceptions="null", PatternLayout(%d{HH:mm:ss.SSS} [%t] %-5level %logger{36} - %msg%n), name="LogToConsole", Configuration(/bitnami/jenkins/jenkins_home/workspace/github_execution/starter_code/target/classes/log4j2.xml), Filter=null, ={})
2021-03-01 13:21:34,819 main DEBUG Starting OutputStreamManager SYSTEM_OUT.false.false
2021-03-01 13:21:34,820 main DEBUG Building Plugin[name=layout, class=org.apache.logging.log4j.core.layout.PatternLayout].
2021-03-01 13:21:34,821 main DEBUG PatternLayout$Builder(pattern="%d %p %c{1.} [%t] %m%n", PatternSelector=null, Configuration(/bitnami/jenkins/jenkins_home/workspace/github_execution/starter_code/target/classes/log4j2.xml), Replace=null, charset="null", alwaysWriteExceptions="null", disableAnsi="null", noConsoleNoAnsi="null", header="null", footer="null")
2021-03-01 13:21:34,835 main DEBUG Building Plugin[name=appender, class=org.apache.logging.log4j.core.appender.FileAppender].
2021-03-01 13:21:34,844 main DEBUG FileAppender$Builder(fileName="app.log", append="null", locking="null", advertise="null", advertiseUri="null", createOnDemand="null", filePermissions="null", fileOwner="null", fileGroup="null", bufferedIo="null", bufferSize="null", immediateFlush="null", ignoreExceptions="null", PatternLayout(%d %p %c{1.} [%t] %m%n), name="LogToFile", Configuration(/bitnami/jenkins/jenkins_home/workspace/github_execution/starter_code/target/classes/log4j2.xml), Filter=null, ={})
2021-03-01 13:21:34,847 main DEBUG Starting FileManager app.log
2021-03-01 13:21:34,848 main DEBUG Building Plugin[name=appenders, class=org.apache.logging.log4j.core.config.AppendersPlugin].
2021-03-01 13:21:34,850 main DEBUG createAppenders(={LogToConsole, LogToFile})
2021-03-01 13:21:34,851 main DEBUG Building Plugin[name=AppenderRef, class=org.apache.logging.log4j.core.config.AppenderRef].
2021-03-01 13:21:34,854 main DEBUG createAppenderRef(ref="LogToFile", level="null", Filter=null)
2021-03-01 13:21:34,856 main DEBUG Building Plugin[name=AppenderRef, class=org.apache.logging.log4j.core.config.AppenderRef].
2021-03-01 13:21:34,856 main DEBUG createAppenderRef(ref="LogToConsole", level="null", Filter=null)
2021-03-01 13:21:34,857 main DEBUG Building Plugin[name=logger, class=org.apache.logging.log4j.core.config.LoggerConfig].
2021-03-01 13:21:34,860 main DEBUG createLogger(additivity="false", level="INFO", name="com.example.demo", includeLocation="null", ={LogToFile, LogToConsole}, ={}, Configuration(/bitnami/jenkins/jenkins_home/workspace/github_execution/starter_code/target/classes/log4j2.xml), Filter=null)
2021-03-01 13:21:34,863 main DEBUG Building Plugin[name=AppenderRef, class=org.apache.logging.log4j.core.config.AppenderRef].
2021-03-01 13:21:34,865 main DEBUG createAppenderRef(ref="LogToFile", level="null", Filter=null)
2021-03-01 13:21:34,868 main DEBUG Building Plugin[name=AppenderRef, class=org.apache.logging.log4j.core.config.AppenderRef].
2021-03-01 13:21:34,871 main DEBUG createAppenderRef(ref="LogToConsole", level="null", Filter=null)
2021-03-01 13:21:34,871 main DEBUG Building Plugin[name=logger, class=org.apache.logging.log4j.core.config.LoggerConfig].
2021-03-01 13:21:34,873 main DEBUG createLogger(additivity="false", level="DEBUG", name="com.example.demo", includeLocation="null", ={LogToFile, LogToConsole}, ={}, Configuration(/bitnami/jenkins/jenkins_home/workspace/github_execution/starter_code/target/classes/log4j2.xml), Filter=null)
2021-03-01 13:21:34,874 main DEBUG Building Plugin[name=AppenderRef, class=org.apache.logging.log4j.core.config.AppenderRef].
2021-03-01 13:21:34,875 main DEBUG createAppenderRef(ref="LogToFile", level="null", Filter=null)
2021-03-01 13:21:34,876 main DEBUG Building Plugin[name=AppenderRef, class=org.apache.logging.log4j.core.config.AppenderRef].
2021-03-01 13:21:34,877 main DEBUG createAppenderRef(ref="LogToConsole", level="null", Filter=null)
2021-03-01 13:21:34,878 main DEBUG Building Plugin[name=logger, class=org.apache.logging.log4j.core.config.LoggerConfig].
2021-03-01 13:21:34,886 main DEBUG createLogger(additivity="false", level="ERROR", name="org.springframework.boot", includeLocation="null", ={LogToFile, LogToConsole}, ={}, Configuration(/bitnami/jenkins/jenkins_home/workspace/github_execution/starter_code/target/classes/log4j2.xml), Filter=null)
2021-03-01 13:21:34,887 main DEBUG Building Plugin[name=AppenderRef, class=org.apache.logging.log4j.core.config.AppenderRef].
2021-03-01 13:21:34,888 main DEBUG createAppenderRef(ref="LogToFile", level="null", Filter=null)
2021-03-01 13:21:34,888 main DEBUG Building Plugin[name=AppenderRef, class=org.apache.logging.log4j.core.config.AppenderRef].
2021-03-01 13:21:34,889 main DEBUG createAppenderRef(ref="LogToConsole", level="null", Filter=null)
2021-03-01 13:21:34,889 main DEBUG Building Plugin[name=root, class=org.apache.logging.log4j.core.config.LoggerConfig$RootLogger].
2021-03-01 13:21:34,890 main DEBUG createLogger(additivity="null", level="ERROR", includeLocation="null", ={LogToFile, LogToConsole}, ={}, Configuration(/bitnami/jenkins/jenkins_home/workspace/github_execution/starter_code/target/classes/log4j2.xml), Filter=null)
2021-03-01 13:21:34,893 main DEBUG Building Plugin[name=loggers, class=org.apache.logging.log4j.core.config.LoggersPlugin].
2021-03-01 13:21:34,898 main DEBUG createLoggers(={com.example.demo, com.example.demo, org.springframework.boot, root})
2021-03-01 13:21:34,899 main DEBUG Configuration XmlConfiguration[location=/bitnami/jenkins/jenkins_home/workspace/github_execution/starter_code/target/classes/log4j2.xml] initialized
2021-03-01 13:21:34,900 main DEBUG Starting configuration XmlConfiguration[location=/bitnami/jenkins/jenkins_home/workspace/github_execution/starter_code/target/classes/log4j2.xml]
2021-03-01 13:21:34,900 main DEBUG Started configuration XmlConfiguration[location=/bitnami/jenkins/jenkins_home/workspace/github_execution/starter_code/target/classes/log4j2.xml] OK.
2021-03-01 13:21:34,901 main DEBUG Shutting down OutputStreamManager SYSTEM_OUT.false.false-1
2021-03-01 13:21:34,902 main DEBUG OutputStream closed
2021-03-01 13:21:34,903 main DEBUG Shut down OutputStreamManager SYSTEM_OUT.false.false-1, all resources released: true
2021-03-01 13:21:34,903 main DEBUG Appender DefaultConsole-1 stopped with status true
2021-03-01 13:21:34,904 main DEBUG Stopped org.apache.logging.log4j.core.config.DefaultConfiguration@3214ee6 OK
2021-03-01 13:21:35,020 main DEBUG Registering MBean org.apache.logging.log4j2:type=3d4eac69
2021-03-01 13:21:35,022 main DEBUG Registering MBean org.apache.logging.log4j2:type=3d4eac69,component=StatusLogger
2021-03-01 13:21:35,023 main DEBUG Registering MBean org.apache.logging.log4j2:type=3d4eac69,component=ContextSelector
2021-03-01 13:21:35,025 main DEBUG Registering MBean org.apache.logging.log4j2:type=3d4eac69,component=Loggers,name=org.springframework.boot
2021-03-01 13:21:35,026 main DEBUG Registering MBean org.apache.logging.log4j2:type=3d4eac69,component=Loggers,name=
2021-03-01 13:21:35,026 main DEBUG Registering MBean org.apache.logging.log4j2:type=3d4eac69,component=Loggers,name=com.example.demo
2021-03-01 13:21:35,028 main DEBUG Registering MBean org.apache.logging.log4j2:type=3d4eac69,component=Appenders,name=LogToConsole
2021-03-01 13:21:35,028 main DEBUG Registering MBean org.apache.logging.log4j2:type=3d4eac69,component=Appenders,name=LogToFile
2021-03-01 13:21:35,031 main DEBUG org.apache.logging.log4j.core.util.SystemClock does not support precise timestamps.
2021-03-01 13:21:35,032 main DEBUG Reconfiguration complete for context[name=3d4eac69] at URI /bitnami/jenkins/jenkins_home/workspace/github_execution/starter_code/target/classes/log4j2.xml (org.apache.logging.log4j.core.LoggerContext@9bd0fa6) with optional ClassLoader: null
2021-03-01 13:21:35,033 main DEBUG Shutdown hook enabled. Registering a new one.
2021-03-01 13:21:35,034 main DEBUG LoggerContext[name=3d4eac69, org.apache.logging.log4j.core.LoggerContext@9bd0fa6] started OK.
13:21:35.085 [main] INFO  com.example.demo.controllers.UserController - New user created: testUsername
2021-03-01 13:21:35,090 main DEBUG AsyncLogger.ThreadNameStrategy=UNCACHED (user specified null, default is UNCACHED)
2021-03-01 13:21:35,091 main DEBUG org.apache.logging.log4j.core.util.SystemClock does not support precise timestamps.
13:21:35.190 [main] INFO  com.example.demo.controllers.OrderController - order null submitted
[INFO] Tests run: 13, Failures: 0, Errors: 0, Skipped: 0, Time elapsed: 1.63 s - in com.example.demo.SareetaApplicationTests
[INFO] Running com.example.demo.controller.OrderControllerTest
13:21:35.193 [main] INFO  com.example.demo.controllers.OrderController - order null submitted
[INFO] Tests run: 3, Failures: 0, Errors: 0, Skipped: 0, Time elapsed: 0.006 s - in com.example.demo.controller.OrderControllerTest
[INFO] Running com.example.demo.controller.UserControllerTest
13:21:35.195 [main] INFO  com.example.demo.controllers.UserController - New user created: testUsername
[INFO] Tests run: 4, Failures: 0, Errors: 0, Skipped: 0, Time elapsed: 0 s - in com.example.demo.controller.UserControllerTest
[INFO] Running com.example.demo.controller.ItemControllerTest
[INFO] Tests run: 3, Failures: 0, Errors: 0, Skipped: 0, Time elapsed: 0.005 s - in com.example.demo.controller.ItemControllerTest
[INFO] Running com.example.demo.controller.CartControllerTest
[INFO] Tests run: 3, Failures: 0, Errors: 0, Skipped: 0, Time elapsed: 0.001 s - in com.example.demo.controller.CartControllerTest
[INFO]
[INFO] Results:
[INFO]
[INFO] Tests run: 26, Failures: 0, Errors: 0, Skipped: 0
[INFO]
[INFO]
[INFO] --- maven-war-plugin:3.2.3:war (default-war) @ auth-course ---
[INFO] Packaging webapp
[INFO] Assembling webapp [auth-course] in [/bitnami/jenkins/jenkins_home/workspace/github_execution/starter_code/target/auth-course-0.0.1-SNAPSHOT]
[INFO] Processing war project
[INFO] Webapp assembled in [134 msecs]
[INFO] Building war: /bitnami/jenkins/jenkins_home/workspace/github_execution/starter_code/target/auth-course-0.0.1-SNAPSHOT.war
[INFO]
[INFO] --- spring-boot-maven-plugin:2.3.2.RELEASE:repackage (repackage) @ auth-course ---
[INFO] Replacing main artifact with repackaged archive
[INFO] ------------------------------------------------------------------------
[INFO] BUILD SUCCESS
[INFO] ------------------------------------------------------------------------
[INFO] Total time:  7.468 s
[INFO] Finished at: 2021-03-01T13:21:37Z
[INFO] ------------------------------------------------------------------------
Finished: SUCCESS
